SF:lib/src/uni_size_widget.dart
DA:28,1
DA:52,1
DA:54,1
DA:55,1
DA:56,1
DA:57,1
DA:59,1
DA:61,1
DA:62,1
DA:63,1
DA:64,1
DA:68,4
DA:72,3
DA:93,1
DA:109,1
DA:111,1
DA:112,1
DA:113,1
DA:114,1
DA:131,1
DA:143,1
DA:145,1
DA:146,1
DA:147,1
DA:149,2
DA:150,1
DA:152,1
DA:171,1
DA:187,1
DA:189,1
DA:190,1
DA:191,1
DA:192,1
LF:33
LH:33
end_of_record
SF:lib/src/device.dart
DA:11,0
DA:14,1
DA:17,1
DA:20,1
DA:23,1
DA:26,1
DA:29,1
DA:32,1
DA:35,1
DA:38,1
DA:41,1
DA:42,1
DA:45,1
DA:46,1
DA:49,1
DA:55,1
DA:67,1
DA:68,1
DA:69,2
DA:71,1
DA:72,1
DA:73,1
DA:74,1
DA:76,3
DA:77,3
DA:78,1
DA:81,1
DA:84,1
DA:87,1
DA:93,1
DA:95,0
DA:98,1
DA:100,1
DA:101,1
DA:102,1
DA:103,1
DA:108,1
DA:112,1
DA:113,1
DA:116,0
DA:119,0
DA:122,0
DA:125,0
DA:128,0
DA:136,1
DA:137,3
DA:139,1
DA:141,1
DA:149,1
DA:150,2
DA:152,1
DA:156,1
DA:158,0
DA:163,1
DA:164,1
DA:165,1
DA:168,1
DA:169,1
DA:170,1
DA:173,1
DA:174,1
DA:175,1
DA:178,1
DA:179,1
DA:180,1
DA:183,1
DA:184,1
DA:185,1
DA:188,1
DA:189,1
DA:190,1
DA:193,1
DA:194,1
DA:195,1
DA:198,1
DA:199,1
DA:200,1
DA:203,1
DA:204,1
DA:205,1
DA:208,1
DA:209,1
DA:210,1
DA:213,1
DA:214,1
DA:215,1
DA:218,1
DA:219,1
DA:220,1
DA:224,1
DA:225,1
DA:228,3
DA:229,3
DA:230,1
DA:233,2
DA:236,1
DA:242,1
DA:243,1
DA:246,1
DA:249,2
DA:250,1
DA:251,1
DA:255,1
DA:258,1
DA:259,1
DA:262,1
DA:264,1
DA:266,0
DA:268,0
DA:276,1
DA:277,1
DA:279,1
DA:280,1
DA:282,1
DA:284,0
DA:290,1
DA:291,1
DA:292,2
DA:296,1
DA:297,1
DA:298,2
DA:302,1
DA:303,1
DA:304,2
DA:308,1
DA:309,1
DA:310,2
DA:314,1
DA:315,1
DA:316,2
LF:130
LH:119
end_of_record
SF:lib/src/constants.dart
DA:5,0
LF:1
LH:0
end_of_record
SF:lib/src/extensions.dart
DA:18,2
DA:32,2
DA:46,1
DA:51,1
DA:61,2
DA:64,4
DA:67,4
DA:70,6
DA:73,6
DA:76,2
DA:79,4
DA:82,4
DA:85,6
DA:88,6
DA:94,1
DA:100,1
DA:110,1
DA:111,1
DA:115,2
DA:118,2
DA:121,2
DA:124,2
DA:127,2
DA:130,2
DA:133,2
LF:25
LH:25
end_of_record
SF:lib/uni_size.dart
DA:21,1
DA:27,1
LF:2
LH:2
end_of_record
